2021-05-28 12:43:42 ERROR org.springframework.boot.SpringApplication#reportFailure:826 [main] [] Application run failed
java.lang.IllegalStateException: Failed to execute CommandLineRunner
	at org.springframework.boot.SpringApplication.callRunner(SpringApplication.java:787)
	at org.springframework.boot.SpringApplication.callRunners(SpringApplication.java:768)
	at org.springframework.boot.SpringApplication.run(SpringApplication.java:322)
	at org.springframework.boot.SpringApplication.run(SpringApplication.java:1226)
	at org.springframework.boot.SpringApplication.run(SpringApplication.java:1215)
	at com.jd.ElasticsearchDataExportApplication.main(ElasticsearchDataExportApplication.java:9)
Caused by: org.elasticsearch.common.io.stream.NotSerializableExceptionWrapper: runtime_exception: com.jd.jr.jes.elasticsearch.plugins.auth.IndexNoAuthException: no authorization for index: 
	at com.jd.jr.jes.elasticsearch6.plugins.JesSecurityPluginAbs$JesMonitorActionFilter.apply(JesSecurityPluginAbs.java:378)
	at org.elasticsearch.action.support.TransportAction$RequestFilterChain.proceed(TransportAction.java:165)
	at org.elasticsearch.action.support.TransportAction.execute(TransportAction.java:139)
	at org.elasticsearch.action.support.HandledTransportAction$TransportHandler.messageReceived(HandledTransportAction.java:79)
	at org.elasticsearch.action.support.HandledTransportAction$TransportHandler.messageReceived(HandledTransportAction.java:69)
	at org.elasticsearch.transport.RequestHandlerRegistry.processMessageReceived(RequestHandlerRegistry.java:66)
	at org.elasticsearch.transport.TcpTransport$RequestHandler.doRun(TcpTransport.java:1605)
	at org.elasticsearch.common.util.concurrent.AbstractRunnable.run(AbstractRunnable.java:37)
	at org.elasticsearch.common.util.concurrent.EsExecutors$1.execute(EsExecutors.java:135)
	at org.elasticsearch.transport.TcpTransport.handleRequest(TcpTransport.java:1563)
	at org.elasticsearch.transport.TcpTransport.messageReceived(TcpTransport.java:1427)
	at org.elasticsearch.transport.netty4.Netty4MessageChannelHandler.channelRead(Netty4MessageChannelHandler.java:64)
	at io.netty.channel.AbstractChannelHandlerContext.invokeChannelRead(AbstractChannelHandlerContext.java:362)
	at io.netty.channel.AbstractChannelHandlerContext.invokeChannelRead(AbstractChannelHandlerContext.java:348)
	at io.netty.channel.AbstractChannelHandlerContext.fireChannelRead(AbstractChannelHandlerContext.java:340)
	at io.netty.handler.codec.ByteToMessageDecoder.fireChannelRead(ByteToMessageDecoder.java:310)
	at io.netty.handler.codec.ByteToMessageDecoder.fireChannelRead(ByteToMessageDecoder.java:297)
	at io.netty.handler.codec.ByteToMessageDecoder.callDecode(ByteToMessageDecoder.java:413)
	at io.netty.handler.codec.ByteToMessageDecoder.channelRead(ByteToMessageDecoder.java:265)
	at io.netty.channel.AbstractChannelHandlerContext.invokeChannelRead(AbstractChannelHandlerContext.java:362)
	at io.netty.channel.AbstractChannelHandlerContext.invokeChannelRead(AbstractChannelHandlerContext.java:348)
	at io.netty.channel.AbstractChannelHandlerContext.fireChannelRead(AbstractChannelHandlerContext.java:340)
	at io.netty.handler.logging.LoggingHandler.channelRead(LoggingHandler.java:241)
	at io.netty.channel.AbstractChannelHandlerContext.invokeChannelRead(AbstractChannelHandlerContext.java:362)
	at io.netty.channel.AbstractChannelHandlerContext.invokeChannelRead(AbstractChannelHandlerContext.java:348)
	at io.netty.channel.AbstractChannelHandlerContext.fireChannelRead(AbstractChannelHandlerContext.java:340)
	at io.netty.channel.DefaultChannelPipeline$HeadContext.channelRead(DefaultChannelPipeline.java:1359)
	at io.netty.channel.AbstractChannelHandlerContext.invokeChannelRead(AbstractChannelHandlerContext.java:362)
	at io.netty.channel.AbstractChannelHandlerContext.invokeChannelRead(AbstractChannelHandlerContext.java:348)
	at io.netty.channel.DefaultChannelPipeline.fireChannelRead(DefaultChannelPipeline.java:935)
	at io.netty.channel.nio.AbstractNioByteChannel$NioByteUnsafe.read(AbstractNioByteChannel.java:134)
	at io.netty.channel.nio.NioEventLoop.processSelectedKey(NioEventLoop.java:645)
	at io.netty.channel.nio.NioEventLoop.processSelectedKeysPlain(NioEventLoop.java:545)
	at io.netty.channel.nio.NioEventLoop.processSelectedKeys(NioEventLoop.java:499)
	at io.netty.channel.nio.NioEventLoop.run(NioEventLoop.java:459)
	at io.netty.util.concurrent.SingleThreadEventExecutor$5.run(SingleThreadEventExecutor.java:858)
	at java.lang.Thread.run(Thread.java:748)
Caused by: org.elasticsearch.common.io.stream.NotSerializableExceptionWrapper: index_no_auth_exception: no authorization for index: 
	at com.jd.jr.jes.elasticsearch.plugins.auth.AuthServiceBase.indexAuthVerify(AuthServiceBase.java:93)
	at com.jd.jr.jes.elasticsearch.plugins.auth.JesUser.checkDocWriteRequest(JesUser.java:75)
	at com.jd.jr.jes.elasticsearch6.plugins.handler.SearchHandler.hasPermission(SearchHandler.java:24)
	at com.jd.jr.jes.elasticsearch6.plugins.handler.BaseHandler.doRequest(BaseHandler.java:64)
	at com.jd.jr.jes.elasticsearch6.plugins.JesSecurityPluginAbs$JesMonitorActionFilter.apply(JesSecurityPluginAbs.java:365)
	... 36 common frames omitted
2021-05-28 13:03:55 ERROR org.springframework.boot.SpringApplication#reportFailure:826 [main] [] Application run failed
java.lang.IllegalStateException: Failed to execute CommandLineRunner
	at org.springframework.boot.SpringApplication.callRunner(SpringApplication.java:787)
	at org.springframework.boot.SpringApplication.callRunners(SpringApplication.java:768)
	at org.springframework.boot.SpringApplication.run(SpringApplication.java:322)
	at org.springframework.boot.SpringApplication.run(SpringApplication.java:1226)
	at org.springframework.boot.SpringApplication.run(SpringApplication.java:1215)
	at com.jd.ElasticsearchDataExportApplication.main(ElasticsearchDataExportApplication.java:9)
Caused by: org.elasticsearch.action.search.SearchPhaseExecutionException: all shards failed
	at org.elasticsearch.action.search.AbstractSearchAsyncAction.onPhaseFailure(AbstractSearchAsyncAction.java:293)
	at org.elasticsearch.action.search.AbstractSearchAsyncAction.executeNextPhase(AbstractSearchAsyncAction.java:133)
	at org.elasticsearch.action.search.AbstractSearchAsyncAction.onPhaseDone(AbstractSearchAsyncAction.java:254)
	at org.elasticsearch.action.search.InitialSearchPhase.onShardFailure(InitialSearchPhase.java:101)
	at org.elasticsearch.action.search.InitialSearchPhase.access$100(InitialSearchPhase.java:48)
	at org.elasticsearch.action.search.InitialSearchPhase$2.lambda$onFailure$1(InitialSearchPhase.java:222)
	at org.elasticsearch.action.search.InitialSearchPhase.maybeFork(InitialSearchPhase.java:176)
	at org.elasticsearch.action.search.InitialSearchPhase.access$000(InitialSearchPhase.java:48)
	at org.elasticsearch.action.search.InitialSearchPhase$2.onFailure(InitialSearchPhase.java:222)
	at org.elasticsearch.action.search.SearchExecutionStatsCollector.onFailure(SearchExecutionStatsCollector.java:73)
	at org.elasticsearch.action.ActionListenerResponseHandler.handleException(ActionListenerResponseHandler.java:51)
	at org.elasticsearch.action.search.SearchTransportService$ConnectionCountingHandler.handleException(SearchTransportService.java:526)
	at org.elasticsearch.transport.TransportService$ContextRestoreResponseHandler.handleException(TransportService.java:1068)
	at org.elasticsearch.transport.TransportService$DirectResponseChannel.processException(TransportService.java:1165)
	at org.elasticsearch.transport.TransportService$DirectResponseChannel.sendResponse(TransportService.java:1149)
	at org.elasticsearch.transport.TaskTransportChannel.sendResponse(TaskTransportChannel.java:66)
	at org.elasticsearch.action.search.SearchTransportService$6$1.onFailure(SearchTransportService.java:384)
	at org.elasticsearch.search.SearchService$2.onFailure(SearchService.java:341)
	at org.elasticsearch.search.SearchService$2.onResponse(SearchService.java:335)
	at org.elasticsearch.search.SearchService$2.onResponse(SearchService.java:329)
	at org.elasticsearch.search.SearchService$3.doRun(SearchService.java:1019)
	at org.elasticsearch.common.util.concurrent.ThreadContext$ContextPreservingAbstractRunnable.doRun(ThreadContext.java:723)
	at org.elasticsearch.common.util.concurrent.AbstractRunnable.run(AbstractRunnable.java:37)
	at org.elasticsearch.common.util.concurrent.TimedRunnable.doRun(TimedRunnable.java:41)
	at org.elasticsearch.common.util.concurrent.AbstractRunnable.run(AbstractRunnable.java:37)
	at java.util.concurrent.ThreadPoolExecutor.runWorker(ThreadPoolExecutor.java:1149)
	at java.util.concurrent.ThreadPoolExecutor$Worker.run(ThreadPoolExecutor.java:624)
	at java.lang.Thread.run(Thread.java:748)
Caused by: org.elasticsearch.search.SearchContextException: `from` parameter must be set to 0 when `search_after` is used.
	at org.elasticsearch.search.SearchService.parseSource(SearchService.java:842)
	at org.elasticsearch.search.SearchService.createContext(SearchService.java:575)
	at org.elasticsearch.search.SearchService.createAndPutContext(SearchService.java:551)
	at org.elasticsearch.search.SearchService.executeQueryPhase(SearchService.java:347)
	at org.elasticsearch.search.SearchService$2.onResponse(SearchService.java:333)
	... 9 common frames omitted
2021-05-28 13:43:50 ERROR org.springframework.boot.SpringApplication#reportFailure:826 [main] [] Application run failed
java.lang.IllegalStateException: Failed to execute CommandLineRunner
	at org.springframework.boot.SpringApplication.callRunner(SpringApplication.java:787)
	at org.springframework.boot.SpringApplication.callRunners(SpringApplication.java:768)
	at org.springframework.boot.SpringApplication.run(SpringApplication.java:322)
	at org.springframework.boot.SpringApplication.run(SpringApplication.java:1226)
	at org.springframework.boot.SpringApplication.run(SpringApplication.java:1215)
	at com.jd.ElasticsearchDataExportApplication.main(ElasticsearchDataExportApplication.java:9)
Caused by: java.lang.IllegalArgumentException: not support type : class com.jd.entities.Column
	at com.alibaba.druid.support.json.JSONWriter.writeObject(JSONWriter.java:131)
	at com.alibaba.druid.support.json.JSONWriter.writeArray(JSONWriter.java:190)
	at com.alibaba.druid.support.json.JSONWriter.writeObject(JSONWriter.java:81)
	at com.alibaba.druid.support.json.JSONUtils.toJSONString(JSONUtils.java:22)
	at com.jd.write.impl.XSSWorkBookWriteCallBack.writeData(XSSWorkBookWriteCallBack.java:65)
	at com.jd.service.impl.IDMDataExportService.queryIDMData(IDMDataExportService.java:63)
	at com.jd.run.IDMDataExport.run(IDMDataExport.java:16)
	at org.springframework.boot.SpringApplication.callRunner(SpringApplication.java:784)
	... 5 common frames omitted
2021-05-28 13:44:41 ERROR org.springframework.boot.SpringApplication#reportFailure:826 [main] [] Application run failed
java.lang.IllegalStateException: Failed to execute CommandLineRunner
	at org.springframework.boot.SpringApplication.callRunner(SpringApplication.java:787)
	at org.springframework.boot.SpringApplication.callRunners(SpringApplication.java:768)
	at org.springframework.boot.SpringApplication.run(SpringApplication.java:322)
	at org.springframework.boot.SpringApplication.run(SpringApplication.java:1226)
	at org.springframework.boot.SpringApplication.run(SpringApplication.java:1215)
	at com.jd.ElasticsearchDataExportApplication.main(ElasticsearchDataExportApplication.java:9)
Caused by: java.io.FileNotFoundException: IDM测试数据.xlsx (另一个程序正在使用此文件，进程无法访问。)
	at java.io.FileOutputStream.open0(Native Method)
	at java.io.FileOutputStream.open(FileOutputStream.java:270)
	at java.io.FileOutputStream.<init>(FileOutputStream.java:213)
	at java.io.FileOutputStream.<init>(FileOutputStream.java:101)
	at com.jd.write.impl.XSSWorkBookWriteCallBack.writeData(XSSWorkBookWriteCallBack.java:69)
	at com.jd.service.impl.IDMDataExportService.queryIDMData(IDMDataExportService.java:63)
	at com.jd.run.IDMDataExport.run(IDMDataExport.java:16)
	at org.springframework.boot.SpringApplication.callRunner(SpringApplication.java:784)
	... 5 common frames omitted
2021-05-28 13:48:06 ERROR org.springframework.boot.SpringApplication#reportFailure:826 [main] [] Application run failed
java.lang.IllegalStateException: Failed to execute CommandLineRunner
	at org.springframework.boot.SpringApplication.callRunner(SpringApplication.java:787)
	at org.springframework.boot.SpringApplication.callRunners(SpringApplication.java:768)
	at org.springframework.boot.SpringApplication.run(SpringApplication.java:322)
	at org.springframework.boot.SpringApplication.run(SpringApplication.java:1226)
	at org.springframework.boot.SpringApplication.run(SpringApplication.java:1215)
	at com.jd.ElasticsearchDataExportApplication.main(ElasticsearchDataExportApplication.java:9)
Caused by: java.lang.NullPointerException: null
	at com.jd.write.impl.XSSWorkBookWriteCallBack.writeData(XSSWorkBookWriteCallBack.java:71)
	at com.jd.service.impl.IDMDataExportService.queryIDMData(IDMDataExportService.java:63)
	at com.jd.run.IDMDataExport.run(IDMDataExport.java:16)
	at org.springframework.boot.SpringApplication.callRunner(SpringApplication.java:784)
	... 5 common frames omitted
2021-05-28 18:48:17 WARN  org.elasticsearch.transport.TcpTransport#onException:625 [elasticsearch[_client_][transport_worker][T#3]] [] exception caught on transport layer [Netty4TcpChannel{localAddress=/10.12.234.245:59997, remoteAddress=10.222.46.135/10.222.46.135:9300}], closing connection
java.io.IOException: 远程主机强迫关闭了一个现有的连接。
	at sun.nio.ch.SocketDispatcher.read0(Native Method)
	at sun.nio.ch.SocketDispatcher.read(SocketDispatcher.java:43)
	at sun.nio.ch.IOUtil.readIntoNativeBuffer(IOUtil.java:223)
	at sun.nio.ch.IOUtil.read(IOUtil.java:192)
	at sun.nio.ch.SocketChannelImpl.read(SocketChannelImpl.java:378)
	at io.netty.buffer.PooledByteBuf.setBytes(PooledByteBuf.java:253)
	at io.netty.buffer.AbstractByteBuf.writeBytes(AbstractByteBuf.java:1133)
	at io.netty.channel.socket.nio.NioSocketChannel.doReadBytes(NioSocketChannel.java:350)
	at io.netty.channel.nio.AbstractNioByteChannel$NioByteUnsafe.read(AbstractNioByteChannel.java:148)
	at io.netty.channel.nio.NioEventLoop.processSelectedKey(NioEventLoop.java:714)
	at io.netty.channel.nio.NioEventLoop.processSelectedKeysPlain(NioEventLoop.java:615)
	at io.netty.channel.nio.NioEventLoop.processSelectedKeys(NioEventLoop.java:578)
	at io.netty.channel.nio.NioEventLoop.run(NioEventLoop.java:493)
	at io.netty.util.concurrent.SingleThreadEventExecutor$4.run(SingleThreadEventExecutor.java:989)
	at io.netty.util.internal.ThreadExecutorMap$2.run(ThreadExecutorMap.java:74)
	at java.lang.Thread.run(Thread.java:748)
2021-05-28 18:48:17 WARN  org.elasticsearch.transport.TcpTransport#onException:625 [elasticsearch[_client_][transport_worker][T#11]] [] exception caught on transport layer [Netty4TcpChannel{localAddress=/10.12.234.245:60005, remoteAddress=10.222.46.135/10.222.46.135:9300}], closing connection
java.io.IOException: 远程主机强迫关闭了一个现有的连接。
	at sun.nio.ch.SocketDispatcher.read0(Native Method)
	at sun.nio.ch.SocketDispatcher.read(SocketDispatcher.java:43)
	at sun.nio.ch.IOUtil.readIntoNativeBuffer(IOUtil.java:223)
	at sun.nio.ch.IOUtil.read(IOUtil.java:192)
	at sun.nio.ch.SocketChannelImpl.read(SocketChannelImpl.java:378)
	at io.netty.buffer.PooledByteBuf.setBytes(PooledByteBuf.java:253)
	at io.netty.buffer.AbstractByteBuf.writeBytes(AbstractByteBuf.java:1133)
	at io.netty.channel.socket.nio.NioSocketChannel.doReadBytes(NioSocketChannel.java:350)
	at io.netty.channel.nio.AbstractNioByteChannel$NioByteUnsafe.read(AbstractNioByteChannel.java:148)
	at io.netty.channel.nio.NioEventLoop.processSelectedKey(NioEventLoop.java:714)
	at io.netty.channel.nio.NioEventLoop.processSelectedKeysPlain(NioEventLoop.java:615)
	at io.netty.channel.nio.NioEventLoop.processSelectedKeys(NioEventLoop.java:578)
	at io.netty.channel.nio.NioEventLoop.run(NioEventLoop.java:493)
	at io.netty.util.concurrent.SingleThreadEventExecutor$4.run(SingleThreadEventExecutor.java:989)
	at io.netty.util.internal.ThreadExecutorMap$2.run(ThreadExecutorMap.java:74)
	at java.lang.Thread.run(Thread.java:748)
2021-05-28 18:48:17 WARN  org.elasticsearch.transport.TcpTransport#onException:625 [elasticsearch[_client_][transport_worker][T#4]] [] exception caught on transport layer [Netty4TcpChannel{localAddress=/10.12.234.245:59998, remoteAddress=10.222.46.135/10.222.46.135:9300}], closing connection
java.io.IOException: 远程主机强迫关闭了一个现有的连接。
	at sun.nio.ch.SocketDispatcher.read0(Native Method)
	at sun.nio.ch.SocketDispatcher.read(SocketDispatcher.java:43)
	at sun.nio.ch.IOUtil.readIntoNativeBuffer(IOUtil.java:223)
	at sun.nio.ch.IOUtil.read(IOUtil.java:192)
	at sun.nio.ch.SocketChannelImpl.read(SocketChannelImpl.java:378)
	at io.netty.buffer.PooledByteBuf.setBytes(PooledByteBuf.java:253)
	at io.netty.buffer.AbstractByteBuf.writeBytes(AbstractByteBuf.java:1133)
	at io.netty.channel.socket.nio.NioSocketChannel.doReadBytes(NioSocketChannel.java:350)
	at io.netty.channel.nio.AbstractNioByteChannel$NioByteUnsafe.read(AbstractNioByteChannel.java:148)
	at io.netty.channel.nio.NioEventLoop.processSelectedKey(NioEventLoop.java:714)
	at io.netty.channel.nio.NioEventLoop.processSelectedKeysPlain(NioEventLoop.java:615)
	at io.netty.channel.nio.NioEventLoop.processSelectedKeys(NioEventLoop.java:578)
	at io.netty.channel.nio.NioEventLoop.run(NioEventLoop.java:493)
	at io.netty.util.concurrent.SingleThreadEventExecutor$4.run(SingleThreadEventExecutor.java:989)
	at io.netty.util.internal.ThreadExecutorMap$2.run(ThreadExecutorMap.java:74)
	at java.lang.Thread.run(Thread.java:748)
2021-05-28 18:48:17 WARN  org.elasticsearch.transport.TcpTransport#onException:625 [elasticsearch[_client_][transport_worker][T#8]] [] exception caught on transport layer [Netty4TcpChannel{localAddress=/10.12.234.245:60002, remoteAddress=10.222.46.135/10.222.46.135:9300}], closing connection
java.io.IOException: 远程主机强迫关闭了一个现有的连接。
	at sun.nio.ch.SocketDispatcher.read0(Native Method)
	at sun.nio.ch.SocketDispatcher.read(SocketDispatcher.java:43)
	at sun.nio.ch.IOUtil.readIntoNativeBuffer(IOUtil.java:223)
	at sun.nio.ch.IOUtil.read(IOUtil.java:192)
	at sun.nio.ch.SocketChannelImpl.read(SocketChannelImpl.java:378)
	at io.netty.buffer.PooledByteBuf.setBytes(PooledByteBuf.java:253)
	at io.netty.buffer.AbstractByteBuf.writeBytes(AbstractByteBuf.java:1133)
	at io.netty.channel.socket.nio.NioSocketChannel.doReadBytes(NioSocketChannel.java:350)
	at io.netty.channel.nio.AbstractNioByteChannel$NioByteUnsafe.read(AbstractNioByteChannel.java:148)
	at io.netty.channel.nio.NioEventLoop.processSelectedKey(NioEventLoop.java:714)
	at io.netty.channel.nio.NioEventLoop.processSelectedKeysPlain(NioEventLoop.java:615)
	at io.netty.channel.nio.NioEventLoop.processSelectedKeys(NioEventLoop.java:578)
	at io.netty.channel.nio.NioEventLoop.run(NioEventLoop.java:493)
	at io.netty.util.concurrent.SingleThreadEventExecutor$4.run(SingleThreadEventExecutor.java:989)
	at io.netty.util.internal.ThreadExecutorMap$2.run(ThreadExecutorMap.java:74)
	at java.lang.Thread.run(Thread.java:748)
2021-05-28 18:48:17 WARN  org.elasticsearch.transport.TcpTransport#onException:625 [elasticsearch[_client_][transport_worker][T#13]] [] exception caught on transport layer [Netty4TcpChannel{localAddress=/10.12.234.245:60007, remoteAddress=10.222.46.135/10.222.46.135:9300}], closing connection
java.io.IOException: 远程主机强迫关闭了一个现有的连接。
	at sun.nio.ch.SocketDispatcher.read0(Native Method)
	at sun.nio.ch.SocketDispatcher.read(SocketDispatcher.java:43)
	at sun.nio.ch.IOUtil.readIntoNativeBuffer(IOUtil.java:223)
	at sun.nio.ch.IOUtil.read(IOUtil.java:192)
	at sun.nio.ch.SocketChannelImpl.read(SocketChannelImpl.java:378)
	at io.netty.buffer.PooledByteBuf.setBytes(PooledByteBuf.java:253)
	at io.netty.buffer.AbstractByteBuf.writeBytes(AbstractByteBuf.java:1133)
	at io.netty.channel.socket.nio.NioSocketChannel.doReadBytes(NioSocketChannel.java:350)
	at io.netty.channel.nio.AbstractNioByteChannel$NioByteUnsafe.read(AbstractNioByteChannel.java:148)
	at io.netty.channel.nio.NioEventLoop.processSelectedKey(NioEventLoop.java:714)
	at io.netty.channel.nio.NioEventLoop.processSelectedKeysPlain(NioEventLoop.java:615)
	at io.netty.channel.nio.NioEventLoop.processSelectedKeys(NioEventLoop.java:578)
	at io.netty.channel.nio.NioEventLoop.run(NioEventLoop.java:493)
	at io.netty.util.concurrent.SingleThreadEventExecutor$4.run(SingleThreadEventExecutor.java:989)
	at io.netty.util.internal.ThreadExecutorMap$2.run(ThreadExecutorMap.java:74)
	at java.lang.Thread.run(Thread.java:748)
2021-05-28 18:48:17 WARN  org.elasticsearch.transport.TcpTransport#onException:625 [elasticsearch[_client_][transport_worker][T#2]] [] exception caught on transport layer [Netty4TcpChannel{localAddress=/10.12.234.245:59996, remoteAddress=10.222.46.135/10.222.46.135:9300}], closing connection
java.io.IOException: 远程主机强迫关闭了一个现有的连接。
	at sun.nio.ch.SocketDispatcher.read0(Native Method)
	at sun.nio.ch.SocketDispatcher.read(SocketDispatcher.java:43)
	at sun.nio.ch.IOUtil.readIntoNativeBuffer(IOUtil.java:223)
	at sun.nio.ch.IOUtil.read(IOUtil.java:192)
	at sun.nio.ch.SocketChannelImpl.read(SocketChannelImpl.java:378)
	at io.netty.buffer.PooledByteBuf.setBytes(PooledByteBuf.java:253)
	at io.netty.buffer.AbstractByteBuf.writeBytes(AbstractByteBuf.java:1133)
	at io.netty.channel.socket.nio.NioSocketChannel.doReadBytes(NioSocketChannel.java:350)
	at io.netty.channel.nio.AbstractNioByteChannel$NioByteUnsafe.read(AbstractNioByteChannel.java:148)
	at io.netty.channel.nio.NioEventLoop.processSelectedKey(NioEventLoop.java:714)
	at io.netty.channel.nio.NioEventLoop.processSelectedKeysPlain(NioEventLoop.java:615)
	at io.netty.channel.nio.NioEventLoop.processSelectedKeys(NioEventLoop.java:578)
	at io.netty.channel.nio.NioEventLoop.run(NioEventLoop.java:493)
	at io.netty.util.concurrent.SingleThreadEventExecutor$4.run(SingleThreadEventExecutor.java:989)
	at io.netty.util.internal.ThreadExecutorMap$2.run(ThreadExecutorMap.java:74)
	at java.lang.Thread.run(Thread.java:748)
2021-05-28 18:48:17 WARN  org.elasticsearch.transport.TcpTransport#onException:625 [elasticsearch[_client_][transport_worker][T#5]] [] exception caught on transport layer [Netty4TcpChannel{localAddress=/10.12.234.245:59999, remoteAddress=10.222.46.135/10.222.46.135:9300}], closing connection
java.io.IOException: 远程主机强迫关闭了一个现有的连接。
	at sun.nio.ch.SocketDispatcher.read0(Native Method)
	at sun.nio.ch.SocketDispatcher.read(SocketDispatcher.java:43)
	at sun.nio.ch.IOUtil.readIntoNativeBuffer(IOUtil.java:223)
	at sun.nio.ch.IOUtil.read(IOUtil.java:192)
	at sun.nio.ch.SocketChannelImpl.read(SocketChannelImpl.java:378)
	at io.netty.buffer.PooledByteBuf.setBytes(PooledByteBuf.java:253)
	at io.netty.buffer.AbstractByteBuf.writeBytes(AbstractByteBuf.java:1133)
	at io.netty.channel.socket.nio.NioSocketChannel.doReadBytes(NioSocketChannel.java:350)
	at io.netty.channel.nio.AbstractNioByteChannel$NioByteUnsafe.read(AbstractNioByteChannel.java:148)
	at io.netty.channel.nio.NioEventLoop.processSelectedKey(NioEventLoop.java:714)
	at io.netty.channel.nio.NioEventLoop.processSelectedKeysPlain(NioEventLoop.java:615)
	at io.netty.channel.nio.NioEventLoop.processSelectedKeys(NioEventLoop.java:578)
	at io.netty.channel.nio.NioEventLoop.run(NioEventLoop.java:493)
	at io.netty.util.concurrent.SingleThreadEventExecutor$4.run(SingleThreadEventExecutor.java:989)
	at io.netty.util.internal.ThreadExecutorMap$2.run(ThreadExecutorMap.java:74)
	at java.lang.Thread.run(Thread.java:748)
2021-05-28 18:48:17 WARN  org.elasticsearch.transport.TcpTransport#onException:625 [elasticsearch[_client_][transport_worker][T#9]] [] exception caught on transport layer [Netty4TcpChannel{localAddress=/10.12.234.245:60003, remoteAddress=10.222.46.135/10.222.46.135:9300}], closing connection
java.io.IOException: 远程主机强迫关闭了一个现有的连接。
	at sun.nio.ch.SocketDispatcher.read0(Native Method)
	at sun.nio.ch.SocketDispatcher.read(SocketDispatcher.java:43)
	at sun.nio.ch.IOUtil.readIntoNativeBuffer(IOUtil.java:223)
	at sun.nio.ch.IOUtil.read(IOUtil.java:192)
	at sun.nio.ch.SocketChannelImpl.read(SocketChannelImpl.java:378)
	at io.netty.buffer.PooledByteBuf.setBytes(PooledByteBuf.java:253)
	at io.netty.buffer.AbstractByteBuf.writeBytes(AbstractByteBuf.java:1133)
	at io.netty.channel.socket.nio.NioSocketChannel.doReadBytes(NioSocketChannel.java:350)
	at io.netty.channel.nio.AbstractNioByteChannel$NioByteUnsafe.read(AbstractNioByteChannel.java:148)
	at io.netty.channel.nio.NioEventLoop.processSelectedKey(NioEventLoop.java:714)
	at io.netty.channel.nio.NioEventLoop.processSelectedKeysPlain(NioEventLoop.java:615)
	at io.netty.channel.nio.NioEventLoop.processSelectedKeys(NioEventLoop.java:578)
	at io.netty.channel.nio.NioEventLoop.run(NioEventLoop.java:493)
	at io.netty.util.concurrent.SingleThreadEventExecutor$4.run(SingleThreadEventExecutor.java:989)
	at io.netty.util.internal.ThreadExecutorMap$2.run(ThreadExecutorMap.java:74)
	at java.lang.Thread.run(Thread.java:748)
2021-05-28 18:48:17 WARN  org.elasticsearch.transport.TcpTransport#onException:625 [elasticsearch[_client_][transport_worker][T#7]] [] exception caught on transport layer [Netty4TcpChannel{localAddress=/10.12.234.245:60001, remoteAddress=10.222.46.135/10.222.46.135:9300}], closing connection
java.io.IOException: 远程主机强迫关闭了一个现有的连接。
	at sun.nio.ch.SocketDispatcher.read0(Native Method)
	at sun.nio.ch.SocketDispatcher.read(SocketDispatcher.java:43)
	at sun.nio.ch.IOUtil.readIntoNativeBuffer(IOUtil.java:223)
	at sun.nio.ch.IOUtil.read(IOUtil.java:192)
	at sun.nio.ch.SocketChannelImpl.read(SocketChannelImpl.java:378)
	at io.netty.buffer.PooledByteBuf.setBytes(PooledByteBuf.java:253)
	at io.netty.buffer.AbstractByteBuf.writeBytes(AbstractByteBuf.java:1133)
	at io.netty.channel.socket.nio.NioSocketChannel.doReadBytes(NioSocketChannel.java:350)
	at io.netty.channel.nio.AbstractNioByteChannel$NioByteUnsafe.read(AbstractNioByteChannel.java:148)
	at io.netty.channel.nio.NioEventLoop.processSelectedKey(NioEventLoop.java:714)
	at io.netty.channel.nio.NioEventLoop.processSelectedKeysPlain(NioEventLoop.java:615)
	at io.netty.channel.nio.NioEventLoop.processSelectedKeys(NioEventLoop.java:578)
	at io.netty.channel.nio.NioEventLoop.run(NioEventLoop.java:493)
	at io.netty.util.concurrent.SingleThreadEventExecutor$4.run(SingleThreadEventExecutor.java:989)
	at io.netty.util.internal.ThreadExecutorMap$2.run(ThreadExecutorMap.java:74)
	at java.lang.Thread.run(Thread.java:748)
2021-05-28 18:48:17 WARN  org.elasticsearch.transport.TcpTransport#onException:625 [elasticsearch[_client_][transport_worker][T#12]] [] exception caught on transport layer [Netty4TcpChannel{localAddress=/10.12.234.245:60006, remoteAddress=10.222.46.135/10.222.46.135:9300}], closing connection
java.io.IOException: 远程主机强迫关闭了一个现有的连接。
	at sun.nio.ch.SocketDispatcher.read0(Native Method)
	at sun.nio.ch.SocketDispatcher.read(SocketDispatcher.java:43)
	at sun.nio.ch.IOUtil.readIntoNativeBuffer(IOUtil.java:223)
	at sun.nio.ch.IOUtil.read(IOUtil.java:192)
	at sun.nio.ch.SocketChannelImpl.read(SocketChannelImpl.java:378)
	at io.netty.buffer.PooledByteBuf.setBytes(PooledByteBuf.java:253)
	at io.netty.buffer.AbstractByteBuf.writeBytes(AbstractByteBuf.java:1133)
	at io.netty.channel.socket.nio.NioSocketChannel.doReadBytes(NioSocketChannel.java:350)
	at io.netty.channel.nio.AbstractNioByteChannel$NioByteUnsafe.read(AbstractNioByteChannel.java:148)
	at io.netty.channel.nio.NioEventLoop.processSelectedKey(NioEventLoop.java:714)
	at io.netty.channel.nio.NioEventLoop.processSelectedKeysPlain(NioEventLoop.java:615)
	at io.netty.channel.nio.NioEventLoop.processSelectedKeys(NioEventLoop.java:578)
	at io.netty.channel.nio.NioEventLoop.run(NioEventLoop.java:493)
	at io.netty.util.concurrent.SingleThreadEventExecutor$4.run(SingleThreadEventExecutor.java:989)
	at io.netty.util.internal.ThreadExecutorMap$2.run(ThreadExecutorMap.java:74)
	at java.lang.Thread.run(Thread.java:748)
2021-05-28 18:48:17 WARN  org.elasticsearch.transport.TcpTransport#onException:625 [elasticsearch[_client_][transport_worker][T#10]] [] exception caught on transport layer [Netty4TcpChannel{localAddress=/10.12.234.245:60004, remoteAddress=10.222.46.135/10.222.46.135:9300}], closing connection
java.io.IOException: 远程主机强迫关闭了一个现有的连接。
	at sun.nio.ch.SocketDispatcher.read0(Native Method)
	at sun.nio.ch.SocketDispatcher.read(SocketDispatcher.java:43)
	at sun.nio.ch.IOUtil.readIntoNativeBuffer(IOUtil.java:223)
	at sun.nio.ch.IOUtil.read(IOUtil.java:192)
	at sun.nio.ch.SocketChannelImpl.read(SocketChannelImpl.java:378)
	at io.netty.buffer.PooledByteBuf.setBytes(PooledByteBuf.java:253)
	at io.netty.buffer.AbstractByteBuf.writeBytes(AbstractByteBuf.java:1133)
	at io.netty.channel.socket.nio.NioSocketChannel.doReadBytes(NioSocketChannel.java:350)
	at io.netty.channel.nio.AbstractNioByteChannel$NioByteUnsafe.read(AbstractNioByteChannel.java:148)
	at io.netty.channel.nio.NioEventLoop.processSelectedKey(NioEventLoop.java:714)
	at io.netty.channel.nio.NioEventLoop.processSelectedKeysPlain(NioEventLoop.java:615)
	at io.netty.channel.nio.NioEventLoop.processSelectedKeys(NioEventLoop.java:578)
	at io.netty.channel.nio.NioEventLoop.run(NioEventLoop.java:493)
	at io.netty.util.concurrent.SingleThreadEventExecutor$4.run(SingleThreadEventExecutor.java:989)
	at io.netty.util.internal.ThreadExecutorMap$2.run(ThreadExecutorMap.java:74)
	at java.lang.Thread.run(Thread.java:748)
2021-05-28 18:48:17 WARN  org.elasticsearch.transport.TcpTransport#onException:625 [elasticsearch[_client_][transport_worker][T#14]] [] exception caught on transport layer [Netty4TcpChannel{localAddress=/10.12.234.245:60008, remoteAddress=10.222.46.135/10.222.46.135:9300}], closing connection
java.io.IOException: 远程主机强迫关闭了一个现有的连接。
	at sun.nio.ch.SocketDispatcher.read0(Native Method)
	at sun.nio.ch.SocketDispatcher.read(SocketDispatcher.java:43)
	at sun.nio.ch.IOUtil.readIntoNativeBuffer(IOUtil.java:223)
	at sun.nio.ch.IOUtil.read(IOUtil.java:192)
	at sun.nio.ch.SocketChannelImpl.read(SocketChannelImpl.java:378)
	at io.netty.buffer.PooledByteBuf.setBytes(PooledByteBuf.java:253)
	at io.netty.buffer.AbstractByteBuf.writeBytes(AbstractByteBuf.java:1133)
	at io.netty.channel.socket.nio.NioSocketChannel.doReadBytes(NioSocketChannel.java:350)
	at io.netty.channel.nio.AbstractNioByteChannel$NioByteUnsafe.read(AbstractNioByteChannel.java:148)
	at io.netty.channel.nio.NioEventLoop.processSelectedKey(NioEventLoop.java:714)
	at io.netty.channel.nio.NioEventLoop.processSelectedKeysPlain(NioEventLoop.java:615)
	at io.netty.channel.nio.NioEventLoop.processSelectedKeys(NioEventLoop.java:578)
	at io.netty.channel.nio.NioEventLoop.run(NioEventLoop.java:493)
	at io.netty.util.concurrent.SingleThreadEventExecutor$4.run(SingleThreadEventExecutor.java:989)
	at io.netty.util.internal.ThreadExecutorMap$2.run(ThreadExecutorMap.java:74)
	at java.lang.Thread.run(Thread.java:748)
2021-05-28 19:25:00 WARN  org.elasticsearch.transport.TcpTransport#onException:625 [elasticsearch[_client_][transport_worker][T#9]] [] exception caught on transport layer [Netty4TcpChannel{localAddress=/10.12.234.245:53762, remoteAddress=10.222.46.135/10.222.46.135:9300}], closing connection
java.io.IOException: 远程主机强迫关闭了一个现有的连接。
	at sun.nio.ch.SocketDispatcher.read0(Native Method)
	at sun.nio.ch.SocketDispatcher.read(SocketDispatcher.java:43)
	at sun.nio.ch.IOUtil.readIntoNativeBuffer(IOUtil.java:223)
	at sun.nio.ch.IOUtil.read(IOUtil.java:192)
	at sun.nio.ch.SocketChannelImpl.read(SocketChannelImpl.java:378)
	at io.netty.buffer.PooledByteBuf.setBytes(PooledByteBuf.java:253)
	at io.netty.buffer.AbstractByteBuf.writeBytes(AbstractByteBuf.java:1133)
	at io.netty.channel.socket.nio.NioSocketChannel.doReadBytes(NioSocketChannel.java:350)
	at io.netty.channel.nio.AbstractNioByteChannel$NioByteUnsafe.read(AbstractNioByteChannel.java:148)
	at io.netty.channel.nio.NioEventLoop.processSelectedKey(NioEventLoop.java:714)
	at io.netty.channel.nio.NioEventLoop.processSelectedKeysPlain(NioEventLoop.java:615)
	at io.netty.channel.nio.NioEventLoop.processSelectedKeys(NioEventLoop.java:578)
	at io.netty.channel.nio.NioEventLoop.run(NioEventLoop.java:493)
	at io.netty.util.concurrent.SingleThreadEventExecutor$4.run(SingleThreadEventExecutor.java:989)
	at io.netty.util.internal.ThreadExecutorMap$2.run(ThreadExecutorMap.java:74)
	at java.lang.Thread.run(Thread.java:748)
